<?xml version="1.0" encoding="UTF-8"?>
<testsuite xmlns:xsi="http://www.w3.org/2001/XMLSchema-instance" xsi:noNamespaceSchemaLocation="https://maven.apache.org/surefire/maven-surefire-plugin/xsd/surefire-test-report.xsd" version="3.0.2" name="io.cucumber.junit.platform.engine.CucumberTestEngine" time="1.765" tests="2" errors="0" skipped="0" failures="0">
  <properties>
[...]
</properties>
  <testcase name="Operations One - Exercise Two" classname="Operations One" time="0.189">
    <system-out><![CDATA[Executing beforeAll

@ticketSmoke
Scenario: Exercise Two                      &amp#27;[90m# src/test/resources/features/OperationsMath.feature:11&amp#27;[0m
  &amp#27;[32mGiven &amp#27;[0m&amp#27;[32mThe user generate two random values&amp#27;[0m &amp#27;[90m# steps.OperationsMathSteps.generateValues()&amp#27;[0m
  &amp#27;[32mWhen &amp#27;[0m&amp#27;[32mThe user multiplies two values&amp#27;[0m       &amp#27;[90m# steps.OperationsMathSteps.productMultiplies()&amp#27;[0m
Product : 25
  &amp#27;[32mThen &amp#27;[0m&amp#27;[32mThe user display product in console&amp#27;[0m  &amp#27;[90m# steps.OperationsMathSteps.displayProduct()&amp#27;[0m
]]></system-out>
    <system-err><![CDATA[feb. 23, 2025 4:01:15 P. M. io.cucumber.junit.platform.engine.DiscoverySelectorResolver warnWhenCucumberFeaturesPropertyIsUsed
WARNING: Discovering tests using the cucumber.features property. Other discovery selectors are ignored!

This is a work around for the limited JUnit 5 support in Maven and Gradle. Please request/upvote/sponsor/ect better support for JUnit 5 discovery selectors. For details see: https://github.com/cucumber/cucumber-jvm/pull/2498

If you are using the JUnit 5 Suite Engine, Platform Launcher API or Console Launcher you should not use this property. Please consult the JUnit 5 documentation on test selection.
]]></system-err>
  </testcase>
  <testcase name="Operations Two - Four" classname="Operations Two" time="0.059">
    <system-out><![CDATA[
@ticketSmoke
Scenario: Four                                  &amp#27;[90m# src/test/resources/features/OperationsMathTwo.feature:11&amp#27;[0m
  &amp#27;[32mGiven &amp#27;[0m&amp#27;[32mThe user generate two random values&amp#27;[0m     &amp#27;[90m# steps.OperationsMathSteps.generateValues()&amp#27;[0m
  &amp#27;[32mWhen &amp#27;[0m&amp#27;[32mThe user make root square of both values&amp#27;[0m &amp#27;[90m# steps.OperationsMathSteps.rootSquare()&amp#27;[0m
  &amp#27;[32mThen &amp#27;[0m&amp#27;[32mThe user display both roots in console&amp#27;[0m   &amp#27;[90m# steps.OperationsMathSteps.displayRoot()&amp#27;[0m
]]></system-out>
  </testcase>
</testsuite>